<?xml version="1.0" encoding="UTF-8"?>
<!-- Generated by org.testng.reporters.JUnitXMLReporter -->
<testsuite ignored="0" hostname="204-108.ip.sola.uz" failures="0" tests="1" name="/Users/munisaazimkhodjaeva/IntelliJ IDEA/Java_Programming/iTechArt_AQA/Labs_JavaFiles_Xml/Lecture14/iTechArt.Lab14.HW/src/test/java/Page_Object_Model_And_Project_Factory/TC1.java" time="18.931" errors="0" timestamp="2023-03-03T18:26:32 UZT">
  <testcase classname="Page_Object_Model_And_Project_Factory.TC1" name="loginValidation" time="10.562"/>
</testsuite> <!-- /Users/munisaazimkhodjaeva/IntelliJ IDEA/Java_Programming/iTechArt_AQA/Labs_JavaFiles_Xml/Lecture14/iTechArt.Lab14.HW/src/test/java/Page_Object_Model_And_Project_Factory/TC1.java -->
